2026-04-12 14:43:16,326 [INFO] Local state server corriendo en http://localhost:8080
2026-04-12 14:43:16,326 [INFO]   GET  /state/altcoins  — leer estado Altcoins
2026-04-12 14:43:16,326 [INFO]   POST /state/altcoins  — escribir estado Altcoins
2026-04-12 14:43:16,330 [REPORT] Daily report daemon iniciado — reporte 23:59, análisis semanal domingos
2026-04-12 14:43:16,595 [INFO] 🤖 Multi-Altcoin Bot v4.0 — scoring técnico + Kelly sizing
2026-04-12 14:43:16,595 [INFO] 🔒 Lock adquirido (PID 25694)
2026-04-12 14:43:16,599 [SCALP] 🔪 Scalping Bot v2 — BTC 1m — CVD + ADX Regime + Trailing Stop
2026-04-12 14:43:16,599 [SCALP]    Modo: DRY RUN | Leverage: 10x | Ciclo: 30s
2026-04-12 14:43:16,599 [SCALP]    SL: 1.5×ATR (0.4%-1.5%) | TP: SL×2.5 | Capital: $200.0
2026-04-12 14:43:17,178 [INFO] 
========================================
ALTCOIN CYCLE - 14:43:17
========================================
2026-04-12 14:43:17,178 [SCALP] ── CICLO 14:43:17 ──────────────────────────
2026-04-12 14:43:17,612 [INFO] Capital: $200.00 | Posiciones: 0/10 | Cooldowns: 0
2026-04-12 14:43:17,612 [INFO] P&L total: $+0.00
2026-04-12 14:43:17,612 [SCALP]   BTC $70,943.90 | Regime:TREND ADX:27 | EMA:bullish RSI:47.06 CVD:↑ Vol:0.1x | Pos:FLAT
2026-04-12 14:43:17,927 [SCALP]   Escenario: TREND_STRONG | bias=bullish | regimes=['TREND', 'BREAKOUT']
2026-04-12 14:43:17,928 [SCALP]   [TREND ADX:27] L:5 S:1 | EMA:bullish RSI:47 CVD:↑ Vol:0.1x
2026-04-12 14:43:17,928 [SCALP]   → LONG [HIGH] | TREND LONG score:5 | EMA bullish | RSI 47 | VWAP +0.09%
2026-04-12 14:43:17,928 [INFO]   Escenario: TREND_STRONG | bias=bullish
2026-04-12 14:43:17,928 [INFO] 
Analizando 13 candidatos...
2026-04-12 14:43:17,928 [SCALP]   [SCALP] SCALP LONG | entrada $70,944 | SL $70,660 | TP $71,866 | size $20
2026-04-12 14:43:17,928 [SCALP]   Capital: $180.00 | P&L: +0.00 | Win: 0%
2026-04-12 14:43:19,743 [INFO]     ⛔ ALPACAUSDT SHORT bloqueado: contra tendencia en TREND_STRONG
2026-04-12 14:43:24,143 [INFO]     ⛔ ARIAUSDT SHORT bloqueado: contra tendencia en TREND_STRONG
2026-04-12 14:43:28,540 [INFO]     ⛔ ALPHAUSDT SHORT bloqueado: contra tendencia en TREND_STRONG
2026-04-12 14:43:29,463 [INFO]     ⛔ ENJUSDT SHORT bloqueado: contra tendencia en TREND_STRONG
2026-04-12 14:43:29,463 [INFO]   [PAPER] ✓ PAPER LONG XRPUSDT @ $1.3295 | RANGE | SL 0.6% | TP 3.8% | $14
2026-04-12 14:43:29,463 [INFO]   [PAPER] ✓ PAPER LONG DOGEUSDT @ $0.0908 | RANGE | SL 0.6% | TP 3.8% | $14
2026-04-12 14:43:29,465 [INFO] Ciclo completado: 2 nuevas posiciones abiertas
2026-04-12 14:43:47,932 [SCALP] ── CICLO 14:43:47 ──────────────────────────
2026-04-12 14:43:48,246 [SCALP]   BTC $70,943.80 | Regime:TREND ADX:27 | EMA:bullish RSI:47.03 CVD:↑ Vol:0.1x | Pos:LONG
2026-04-12 14:43:48,247 [SCALP]   Escenario: TREND_STRONG | bias=bullish | regimes=['TREND', 'BREAKOUT']
2026-04-12 14:43:48,247 [SCALP]   → HOLD [MEDIUM] | LONG activo | ADX:27 CVD:↑
2026-04-12 14:43:48,248 [SCALP]   Capital: $180.00 | P&L: +0.00 | Win: 0%
2026-04-12 14:44:18,254 [SCALP] ── CICLO 14:44:18 ──────────────────────────
2026-04-12 14:44:18,581 [SCALP]   BTC $70,943.90 | Regime:TREND ADX:26 | EMA:bullish RSI:42.71 CVD:↑ Vol:0.0x | Pos:LONG
2026-04-12 14:44:18,583 [SCALP]   Escenario: TREND_STRONG | bias=bullish | regimes=['TREND', 'BREAKOUT']
2026-04-12 14:44:18,583 [SCALP]   → HOLD [MEDIUM] | LONG activo | ADX:26 CVD:↑
2026-04-12 14:44:18,584 [SCALP]   Capital: $180.00 | P&L: +0.00 | Win: 0%
2026-04-12 14:44:29,471 [INFO] 
========================================
ALTCOIN CYCLE - 14:44:29
========================================
2026-04-12 14:44:30,091 [INFO] Capital: $200.00 | Posiciones: 2/10 | Cooldowns: 0
2026-04-12 14:44:30,092 [INFO] P&L total: $+0.00
2026-04-12 14:44:30,415 [INFO]   Escenario: TREND_STRONG | bias=bullish
2026-04-12 14:44:30,415 [INFO] 
Analizando 11 candidatos...
2026-04-12 14:44:31,867 [INFO]     ⛔ ALPACAUSDT SHORT bloqueado: contra tendencia en TREND_STRONG
2026-04-12 14:44:35,752 [INFO]     ⛔ ARIAUSDT SHORT bloqueado: contra tendencia en TREND_STRONG
2026-04-12 14:44:36,360 [INFO]     ⛔ AIOTUSDT SHORT bloqueado: contra tendencia en TREND_STRONG
2026-04-12 14:44:36,976 [INFO]     ⛔ TAOUSDT SHORT bloqueado: contra tendencia en TREND_STRONG
2026-04-12 14:44:37,580 [INFO]     ⛔ ALPHAUSDT SHORT bloqueado: contra tendencia en TREND_STRONG
2026-04-12 14:44:38,199 [INFO]     ⛔ ENJUSDT SHORT bloqueado: contra tendencia en TREND_STRONG
2026-04-12 14:44:38,202 [INFO] Ciclo completado: 0 nuevas posiciones abiertas
2026-04-12 14:44:48,589 [SCALP] ── CICLO 14:44:48 ──────────────────────────
2026-04-12 14:44:48,907 [SCALP]   BTC $70,955.10 | Regime:TREND ADX:28 | EMA:bullish RSI:46.17 CVD:↑ Vol:0.2x | Pos:LONG
2026-04-12 14:44:48,908 [SCALP]   Escenario: TREND_STRONG | bias=bullish | regimes=['TREND', 'BREAKOUT']
2026-04-12 14:44:48,909 [SCALP]   → HOLD [MEDIUM] | LONG activo | ADX:28 CVD:↑
2026-04-12 14:44:48,910 [SCALP]   Capital: $180.00 | P&L: +0.00 | Win: 0%
2026-04-12 14:45:18,915 [SCALP] ── CICLO 14:45:18 ──────────────────────────
2026-04-12 14:45:19,249 [SCALP]   BTC $70,955.20 | Regime:TREND ADX:32 | EMA:bullish RSI:48.92 CVD:↑ Vol:0.3x | Pos:LONG
2026-04-12 14:45:19,250 [SCALP]   Escenario: TREND_STRONG | bias=bullish | regimes=['TREND', 'BREAKOUT']
2026-04-12 14:45:19,250 [SCALP]   → HOLD [MEDIUM] | LONG activo | ADX:32 CVD:↑
2026-04-12 14:45:19,251 [SCALP]   Capital: $180.00 | P&L: +0.00 | Win: 0%
2026-04-12 14:45:38,207 [INFO] 
========================================
ALTCOIN CYCLE - 14:45:38
========================================
2026-04-12 14:45:38,888 [INFO] Capital: $200.00 | Posiciones: 2/10 | Cooldowns: 0
2026-04-12 14:45:38,889 [INFO] P&L total: $+0.00
2026-04-12 14:45:39,211 [INFO]   Escenario: TREND_STRONG | bias=bullish
2026-04-12 14:45:39,211 [INFO] 
Analizando 11 candidatos...
2026-04-12 14:45:40,946 [INFO]     ⛔ ALPACAUSDT SHORT bloqueado: contra tendencia en TREND_STRONG
2026-04-12 14:45:45,475 [INFO]     ⛔ ARIAUSDT SHORT bloqueado: contra tendencia en TREND_STRONG
2026-04-12 14:45:46,167 [INFO]     ⛔ AIOTUSDT SHORT bloqueado: contra tendencia en TREND_STRONG
2026-04-12 14:45:46,786 [INFO]     ⛔ TAOUSDT SHORT bloqueado: contra tendencia en TREND_STRONG
2026-04-12 14:45:47,398 [INFO]     ⛔ ALPHAUSDT SHORT bloqueado: contra tendencia en TREND_STRONG
2026-04-12 14:45:48,216 [INFO]     ⛔ ENJUSDT SHORT bloqueado: contra tendencia en TREND_STRONG
2026-04-12 14:45:48,218 [INFO] Ciclo completado: 0 nuevas posiciones abiertas
2026-04-12 14:45:49,256 [SCALP] ── CICLO 14:45:49 ──────────────────────────
2026-04-12 14:45:49,665 [SCALP]   BTC $70,943.80 | Regime:TREND ADX:32 | EMA:bullish RSI:46.52 CVD:↑ Vol:0.6x | Pos:LONG
2026-04-12 14:45:49,667 [SCALP]   Escenario: TREND_STRONG | bias=bullish | regimes=['TREND', 'BREAKOUT']
2026-04-12 14:45:49,667 [SCALP]   → HOLD [MEDIUM] | LONG activo | ADX:32 CVD:↑
2026-04-12 14:45:49,668 [SCALP]   Capital: $180.00 | P&L: +0.00 | Win: 0%
2026-04-12 14:46:19,674 [SCALP] ── CICLO 14:46:19 ──────────────────────────
2026-04-12 14:46:20,079 [SCALP]   BTC $70,934.70 | Regime:TREND ADX:32 | EMA:bullish RSI:45.58 CVD:↑ Vol:0.1x | Pos:LONG
2026-04-12 14:46:20,081 [SCALP]   Escenario: TREND_STRONG | bias=bullish | regimes=['TREND', 'BREAKOUT']
2026-04-12 14:46:20,081 [SCALP]   → HOLD [MEDIUM] | LONG activo | ADX:32 CVD:↑
2026-04-12 14:46:20,081 [SCALP]   Capital: $180.00 | P&L: +0.00 | Win: 0%
2026-04-12 14:46:48,225 [INFO] 
========================================
ALTCOIN CYCLE - 14:46:48
========================================
2026-04-12 14:46:49,042 [INFO] Capital: $200.00 | Posiciones: 2/10 | Cooldowns: 0
2026-04-12 14:46:49,042 [INFO] P&L total: $+0.00
2026-04-12 14:46:49,461 [INFO]   Escenario: TREND_STRONG | bias=bullish
2026-04-12 14:46:49,461 [INFO] 
Analizando 11 candidatos...
2026-04-12 14:46:50,087 [SCALP] ── CICLO 14:46:50 ──────────────────────────
2026-04-12 14:46:50,418 [SCALP]   BTC $70,934.80 | Regime:TREND ADX:32 | EMA:bullish RSI:45.6 CVD:↑ Vol:0.1x | Pos:LONG
2026-04-12 14:46:50,420 [SCALP]   Escenario: TREND_STRONG | bias=bullish | regimes=['TREND', 'BREAKOUT']
2026-04-12 14:46:50,420 [SCALP]   → HOLD [MEDIUM] | LONG activo | ADX:32 CVD:↑
2026-04-12 14:46:50,421 [SCALP]   Capital: $180.00 | P&L: +0.00 | Win: 0%
2026-04-12 14:46:50,911 [INFO]     ⛔ ALPACAUSDT SHORT bloqueado: contra tendencia en TREND_STRONG
2026-04-12 14:46:55,186 [INFO]     ⛔ ARIAUSDT SHORT bloqueado: contra tendencia en TREND_STRONG
2026-04-12 14:46:56,005 [INFO]     ⛔ AIOTUSDT SHORT bloqueado: contra tendencia en TREND_STRONG
2026-04-12 14:46:56,824 [INFO]     ⛔ TAOUSDT SHORT bloqueado: contra tendencia en TREND_STRONG
2026-04-12 14:46:57,641 [INFO]     ⛔ ALPHAUSDT SHORT bloqueado: contra tendencia en TREND_STRONG
2026-04-12 14:46:58,371 [INFO]     ⛔ ENJUSDT SHORT bloqueado: contra tendencia en TREND_STRONG
2026-04-12 14:46:58,372 [INFO] Ciclo completado: 0 nuevas posiciones abiertas
2026-04-12 14:47:20,426 [SCALP] ── CICLO 14:47:20 ──────────────────────────
2026-04-12 14:47:20,752 [SCALP]   BTC $70,906.10 | Regime:TREND ADX:28 | EMA:bullish RSI:39.62 CVD:↓ Vol:0.2x | Pos:LONG
2026-04-12 14:47:20,754 [SCALP]   Escenario: TREND_STRONG | bias=bullish | regimes=['TREND', 'BREAKOUT']
2026-04-12 14:47:20,754 [SCALP]   → HOLD [MEDIUM] | LONG activo | ADX:28 CVD:↓
2026-04-12 14:47:20,755 [SCALP]   Capital: $180.00 | P&L: +0.00 | Win: 0%
2026-04-12 14:47:50,759 [SCALP] ── CICLO 14:47:50 ──────────────────────────
2026-04-12 14:47:51,095 [SCALP]   BTC $70,889.00 | Regime:TREND ADX:30 | EMA:bearish RSI:37.19 CVD:↓ Vol:0.7x | Pos:LONG
2026-04-12 14:47:51,097 [SCALP]   Escenario: TREND_STRONG | bias=bullish | regimes=['TREND', 'BREAKOUT']
2026-04-12 14:47:51,097 [SCALP]   → FLAT [HIGH] | EMA+MACD+CVD giraron bearish → salida
2026-04-12 14:47:51,098 [SCALP]   Capital: $180.00 | P&L: +0.00 | Win: 0%
2026-04-12 14:47:58,378 [INFO] 
========================================
ALTCOIN CYCLE - 14:47:58
========================================
2026-04-12 14:47:58,987 [INFO] Capital: $200.00 | Posiciones: 2/10 | Cooldowns: 0
2026-04-12 14:47:58,988 [INFO] P&L total: $+0.00
2026-04-12 14:47:59,325 [INFO]   Escenario: TREND_STRONG | bias=bullish
2026-04-12 14:47:59,325 [INFO] 
Analizando 11 candidatos...
2026-04-12 14:47:59,968 [INFO]     ⛔ ETHUSDT SHORT bloqueado: contra tendencia en TREND_STRONG
2026-04-12 14:48:00,575 [INFO]     ⛔ ALPACAUSDT SHORT bloqueado: contra tendencia en TREND_STRONG
2026-04-12 14:48:05,207 [INFO]     ⛔ AIOTUSDT SHORT bloqueado: contra tendencia en TREND_STRONG
2026-04-12 14:48:05,818 [INFO]     ⛔ TAOUSDT SHORT bloqueado: contra tendencia en TREND_STRONG
2026-04-12 14:48:06,425 [INFO]     ⛔ ALPHAUSDT SHORT bloqueado: contra tendencia en TREND_STRONG
2026-04-12 14:48:07,041 [INFO]     ⛔ ENJUSDT SHORT bloqueado: contra tendencia en TREND_STRONG
2026-04-12 14:48:07,043 [INFO] Ciclo completado: 0 nuevas posiciones abiertas
2026-04-12 14:48:21,105 [SCALP] ── CICLO 14:48:21 ──────────────────────────
2026-04-12 14:48:21,449 [SCALP]   BTC $70,914.10 | Regime:TREND ADX:28 | EMA:bearish RSI:43.84 CVD:↑ Vol:0.2x | Pos:LONG
2026-04-12 14:48:21,765 [SCALP]   Escenario: TREND_STRONG | bias=bullish | regimes=['TREND', 'BREAKOUT']
2026-04-12 14:48:21,765 [SCALP]   → HOLD [MEDIUM] | LONG activo | ADX:28 CVD:↑
2026-04-12 14:48:21,766 [SCALP]   Capital: $180.00 | P&L: +0.00 | Win: 0%
2026-04-12 14:48:51,770 [SCALP] ── CICLO 14:48:51 ──────────────────────────
2026-04-12 14:48:52,150 [SCALP]   BTC $70,920.60 | Regime:TREND ADX:28 | EMA:bearish RSI:45.1 CVD:↑ Vol:0.4x | Pos:LONG
2026-04-12 14:48:52,151 [SCALP]   Escenario: TREND_STRONG | bias=bullish | regimes=['TREND', 'BREAKOUT']
2026-04-12 14:48:52,151 [SCALP]   → HOLD [MEDIUM] | LONG activo | ADX:28 CVD:↑
2026-04-12 14:48:52,152 [SCALP]   Capital: $180.00 | P&L: +0.00 | Win: 0%
2026-04-12 14:49:07,045 [INFO] 
========================================
ALTCOIN CYCLE - 14:49:07
========================================
2026-04-12 14:49:07,984 [INFO] Capital: $200.00 | Posiciones: 2/10 | Cooldowns: 0
2026-04-12 14:49:07,985 [INFO] P&L total: $+0.00
2026-04-12 14:49:08,313 [INFO]   Escenario: TREND_STRONG | bias=bullish
2026-04-12 14:49:08,314 [INFO] 
Analizando 11 candidatos...
2026-04-12 14:49:09,748 [INFO]     ⛔ ALPACAUSDT SHORT bloqueado: contra tendencia en TREND_STRONG
2026-04-12 14:49:14,338 [INFO]     ⛔ AIOTUSDT SHORT bloqueado: contra tendencia en TREND_STRONG
2026-04-12 14:49:14,941 [INFO]     ⛔ TAOUSDT SHORT bloqueado: contra tendencia en TREND_STRONG
2026-04-12 14:49:15,558 [INFO]     ⛔ ALPHAUSDT SHORT bloqueado: contra tendencia en TREND_STRONG
2026-04-12 14:49:16,167 [INFO]     ⛔ ENJUSDT SHORT bloqueado: contra tendencia en TREND_STRONG
2026-04-12 14:49:16,171 [INFO] Ciclo completado: 0 nuevas posiciones abiertas
2026-04-12 14:49:22,154 [SCALP] ── CICLO 14:49:22 ──────────────────────────
2026-04-12 14:49:22,462 [SCALP]   BTC $70,914.90 | Regime:TREND ADX:27 | EMA:bearish RSI:46.22 CVD:↓ Vol:0.3x | Pos:LONG
2026-04-12 14:49:22,463 [SCALP]   Escenario: TREND_STRONG | bias=bullish | regimes=['TREND', 'BREAKOUT']
2026-04-12 14:49:22,463 [SCALP]   → FLAT [HIGH] | EMA+MACD+CVD giraron bearish → salida
2026-04-12 14:49:22,463 [SCALP]   Capital: $180.00 | P&L: +0.00 | Win: 0%
2026-04-12 14:49:52,473 [SCALP] ── CICLO 14:49:52 ──────────────────────────
2026-04-12 14:49:52,815 [SCALP]   BTC $70,952.40 | Regime:TREND ADX:26 | EMA:bullish RSI:52.6 CVD:↑ Vol:1.3x | Pos:LONG
2026-04-12 14:49:52,817 [SCALP]   Escenario: TREND_STRONG | bias=bullish | regimes=['TREND', 'BREAKOUT']
2026-04-12 14:49:52,818 [SCALP]   → HOLD [MEDIUM] | LONG activo | ADX:26 CVD:↑
2026-04-12 14:49:52,818 [SCALP]   Capital: $180.00 | P&L: +0.00 | Win: 0%
2026-04-12 14:50:16,182 [INFO] 
========================================
ALTCOIN CYCLE - 14:50:16
========================================
2026-04-12 14:50:16,793 [INFO] Capital: $200.00 | Posiciones: 2/10 | Cooldowns: 0
2026-04-12 14:50:16,794 [INFO] P&L total: $+0.00
2026-04-12 14:50:17,110 [INFO]   Escenario: TREND_STRONG | bias=bullish
2026-04-12 14:50:17,110 [INFO] 
Analizando 11 candidatos...
2026-04-12 14:50:18,343 [INFO]     ⛔ ALPACAUSDT SHORT bloqueado: contra tendencia en TREND_STRONG
2026-04-12 14:50:22,824 [SCALP] ── CICLO 14:50:22 ──────────────────────────
2026-04-12 14:50:23,139 [SCALP]   BTC $70,981.40 | Regime:BREAKOUT ADX:31 | EMA:bullish RSI:56.56 CVD:↑ Vol:3.8x | Pos:LONG
2026-04-12 14:50:23,142 [SCALP]   Escenario: TREND_STRONG | bias=bullish | regimes=['TREND', 'BREAKOUT']
2026-04-12 14:50:23,143 [SCALP]   → HOLD [MEDIUM] | LONG activo | ADX:31 CVD:↑
2026-04-12 14:50:23,144 [SCALP]   Capital: $180.00 | P&L: +0.00 | Win: 0%
2026-04-12 14:50:23,465 [INFO]     ⛔ TAOUSDT SHORT bloqueado: contra tendencia en TREND_STRONG
2026-04-12 14:50:24,099 [INFO]     ⛔ ALPHAUSDT SHORT bloqueado: contra tendencia en TREND_STRONG
2026-04-12 14:50:24,713 [INFO]     ⛔ ENJUSDT SHORT bloqueado: contra tendencia en TREND_STRONG
2026-04-12 14:50:24,713 [INFO]   [PAPER] ✓ PAPER LONG AIOTUSDT @ $0.0558 | EMA_CROSS | SL 3.4% | TP 12.7% | $14
2026-04-12 14:50:24,714 [INFO] Ciclo completado: 1 nuevas posiciones abiertas
2026-04-12 14:50:53,151 [SCALP] ── CICLO 14:50:53 ──────────────────────────
2026-04-12 14:50:53,491 [SCALP]   BTC $71,000.40 | Regime:BREAKOUT ADX:31 | EMA:bullish RSI:59.22 CVD:↑ Vol:4.8x | Pos:LONG
2026-04-12 14:50:53,492 [SCALP]   Escenario: TREND_STRONG | bias=bullish | regimes=['TREND', 'BREAKOUT']
2026-04-12 14:50:53,492 [SCALP]   → HOLD [MEDIUM] | LONG activo | ADX:31 CVD:↑
2026-04-12 14:50:53,493 [SCALP]   Capital: $180.00 | P&L: +0.00 | Win: 0%
2026-04-12 14:51:23,501 [SCALP] ── CICLO 14:51:23 ──────────────────────────
2026-04-12 14:51:23,898 [SCALP]   BTC $71,026.80 | Regime:TREND ADX:33 | EMA:bullish RSI:65.76 CVD:↑ Vol:1.3x | Pos:LONG
2026-04-12 14:51:23,900 [SCALP]   Escenario: TREND_STRONG | bias=bullish | regimes=['TREND', 'BREAKOUT']
2026-04-12 14:51:23,901 [SCALP]   → HOLD [MEDIUM] | LONG activo | ADX:33 CVD:↑
2026-04-12 14:51:23,901 [SCALP]   Capital: $180.00 | P&L: +0.00 | Win: 0%
2026-04-12 14:51:24,721 [INFO] 
========================================
ALTCOIN CYCLE - 14:51:24
========================================
2026-04-12 14:51:25,676 [INFO] Capital: $200.00 | Posiciones: 3/10 | Cooldowns: 0
2026-04-12 14:51:25,676 [INFO] P&L total: $+0.00
2026-04-12 14:51:26,047 [INFO]   Escenario: TREND_STRONG | bias=bullish
2026-04-12 14:51:26,047 [INFO] 
Analizando 10 candidatos...
2026-04-12 14:51:27,582 [INFO]     ⛔ ALPACAUSDT SHORT bloqueado: contra tendencia en TREND_STRONG
2026-04-12 14:51:32,658 [INFO]     ⛔ ALPHAUSDT SHORT bloqueado: contra tendencia en TREND_STRONG
2026-04-12 14:51:33,268 [INFO]     ⛔ ENJUSDT SHORT bloqueado: contra tendencia en TREND_STRONG
2026-04-12 14:51:33,269 [INFO]   [PAPER] ✓ PAPER LONG SOLUSDT @ $81.9800 | RANGE | SL 0.6% | TP 3.8% | $14
2026-04-12 14:51:33,270 [INFO] Ciclo completado: 1 nuevas posiciones abiertas
2026-04-12 14:51:53,908 [SCALP] ── CICLO 14:51:53 ──────────────────────────
2026-04-12 14:51:54,242 [SCALP]   BTC $71,133.60 | Regime:BREAKOUT ADX:36 | EMA:bullish RSI:73.59 CVD:↑ Vol:7.3x | Pos:LONG
2026-04-12 14:51:54,244 [SCALP]   Escenario: TREND_STRONG | bias=bullish | regimes=['TREND', 'BREAKOUT']
2026-04-12 14:51:54,244 [SCALP]   → HOLD [MEDIUM] | LONG activo | ADX:36 CVD:↑
2026-04-12 14:51:54,246 [SCALP]   Capital: $180.00 | P&L: +0.00 | Win: 0%
2026-04-12 14:52:24,253 [SCALP] ── CICLO 14:52:24 ──────────────────────────
2026-04-12 14:52:24,588 [SCALP]   BTC $71,148.50 | Regime:TREND ADX:42 | EMA:bullish RSI:74.7 CVD:↑ Vol:0.7x | Pos:LONG
2026-04-12 14:52:24,590 [SCALP]   Escenario: TREND_STRONG | bias=bullish | regimes=['TREND', 'BREAKOUT']
2026-04-12 14:52:24,590 [SCALP]   → HOLD [MEDIUM] | LONG activo | ADX:42 CVD:↑
2026-04-12 14:52:24,591 [SCALP]   Capital: $180.00 | P&L: +0.00 | Win: 0%
2026-04-12 14:52:33,274 [INFO] 
========================================
ALTCOIN CYCLE - 14:52:33
========================================
2026-04-12 14:52:34,483 [INFO] Capital: $200.00 | Posiciones: 4/10 | Cooldowns: 0
2026-04-12 14:52:34,483 [INFO] P&L total: $+0.00
2026-04-12 14:52:34,800 [INFO]   Escenario: TREND_STRONG | bias=bullish
2026-04-12 14:52:34,800 [INFO] 
Analizando 9 candidatos...
2026-04-12 14:52:36,023 [INFO]     ⛔ ALPACAUSDT SHORT bloqueado: contra tendencia en TREND_STRONG
2026-04-12 14:52:38,075 [INFO]     ⛔ CLUSDT SHORT bloqueado: contra tendencia en TREND_STRONG
2026-04-12 14:52:40,116 [INFO]     ⛔ ALPHAUSDT SHORT bloqueado: contra tendencia en TREND_STRONG
2026-04-12 14:52:40,728 [INFO]     ⛔ ENJUSDT SHORT bloqueado: contra tendencia en TREND_STRONG
2026-04-12 14:52:40,728 [INFO]   [PAPER] ✓ PAPER LONG TAOUSDT @ $261.3400 | RANGE | SL 0.5% | TP 3.0% | $14
2026-04-12 14:52:40,730 [INFO] Ciclo completado: 1 nuevas posiciones abiertas
2026-04-12 14:52:54,598 [SCALP] ── CICLO 14:52:54 ──────────────────────────
2026-04-12 14:52:54,943 [SCALP]   BTC $71,133.20 | Regime:TREND ADX:42 | EMA:bullish RSI:72.4 CVD:↑ Vol:1.1x | Pos:LONG
2026-04-12 14:52:54,944 [SCALP]   Escenario: TREND_STRONG | bias=bullish | regimes=['TREND', 'BREAKOUT']
2026-04-12 14:52:54,944 [SCALP]   → HOLD [MEDIUM] | LONG activo | ADX:42 CVD:↑
2026-04-12 14:52:54,945 [SCALP]   Capital: $180.00 | P&L: +0.00 | Win: 0%
2026-04-12 14:53:24,951 [SCALP] ── CICLO 14:53:24 ──────────────────────────
2026-04-12 14:53:25,358 [SCALP]   BTC $71,136.20 | Regime:TREND ADX:46 | EMA:bullish RSI:66.84 CVD:↑ Vol:0.7x | Pos:LONG
2026-04-12 14:53:25,757 [SCALP]   Escenario: TREND_STRONG | bias=bullish | regimes=['TREND', 'BREAKOUT']
2026-04-12 14:53:25,758 [SCALP]   → HOLD [MEDIUM] | LONG activo | ADX:46 CVD:↑
2026-04-12 14:53:25,759 [SCALP]   Capital: $180.00 | P&L: +0.00 | Win: 0%
2026-04-12 14:53:40,736 [INFO] 
========================================
ALTCOIN CYCLE - 14:53:40
========================================
2026-04-12 14:53:42,435 [INFO] Capital: $200.00 | Posiciones: 5/10 | Cooldowns: 0
2026-04-12 14:53:42,435 [INFO] P&L total: $+0.00
2026-04-12 14:53:42,854 [INFO]   Escenario: TREND_STRONG | bias=bullish
2026-04-12 14:53:42,854 [INFO] 
Analizando 8 candidatos...
2026-04-12 14:53:44,381 [INFO]     ⛔ ALPACAUSDT SHORT bloqueado: contra tendencia en TREND_STRONG
2026-04-12 14:53:48,886 [INFO]     ⛔ ALPHAUSDT SHORT bloqueado: contra tendencia en TREND_STRONG
2026-04-12 14:53:49,603 [INFO]     ⛔ ENJUSDT SHORT bloqueado: contra tendencia en TREND_STRONG
2026-04-12 14:53:49,604 [INFO]   [PAPER] ✓ PAPER LONG CLUSDT @ $96.1900 | RANGE | SL 0.5% | TP 3.0% | $14
2026-04-12 14:53:49,608 [INFO] Ciclo completado: 1 nuevas posiciones abiertas
2026-04-12 14:53:55,763 [SCALP] ── CICLO 14:53:55 ──────────────────────────
2026-04-12 14:53:56,170 [SCALP]   BTC $71,119.50 | Regime:TREND ADX:46 | EMA:bullish RSI:65.7 CVD:↑ Vol:1.1x | Pos:LONG
2026-04-12 14:53:56,171 [SCALP]   Escenario: TREND_STRONG | bias=bullish | regimes=['TREND', 'BREAKOUT']
2026-04-12 14:53:56,171 [SCALP]   → HOLD [MEDIUM] | LONG activo | ADX:46 CVD:↑
2026-04-12 14:53:56,172 [SCALP]   Capital: $180.00 | P&L: +0.00 | Win: 0%
2026-04-12 14:54:26,178 [SCALP] ── CICLO 14:54:26 ──────────────────────────
2026-04-12 14:54:26,588 [SCALP]   BTC $71,123.50 | Regime:TREND ADX:49 | EMA:bullish RSI:68.52 CVD:↑ Vol:0.2x | Pos:LONG
2026-04-12 14:54:26,590 [SCALP]   Escenario: TREND_STRONG | bias=bullish | regimes=['TREND', 'BREAKOUT']
2026-04-12 14:54:26,590 [SCALP]   → HOLD [MEDIUM] | LONG activo | ADX:49 CVD:↑
2026-04-12 14:54:26,592 [SCALP]   Capital: $180.00 | P&L: +0.00 | Win: 0%
2026-04-12 14:54:49,613 [INFO] 
========================================
ALTCOIN CYCLE - 14:54:49
========================================
2026-04-12 14:54:52,375 [INFO] Capital: $200.00 | Posiciones: 6/10 | Cooldowns: 0
2026-04-12 14:54:52,375 [INFO] P&L total: $+0.00
2026-04-12 14:54:52,792 [INFO]   Escenario: TREND_STRONG | bias=bullish
2026-04-12 14:54:52,792 [INFO] 
Analizando 7 candidatos...
2026-04-12 14:54:54,223 [INFO]     ⛔ ALPACAUSDT SHORT bloqueado: contra tendencia en TREND_STRONG
2026-04-12 14:54:56,597 [SCALP] ── CICLO 14:54:56 ──────────────────────────
2026-04-12 14:54:56,919 [SCALP]   BTC $71,101.20 | Regime:TREND ADX:49 | EMA:bullish RSI:65.42 CVD:↑ Vol:0.4x | Pos:LONG
2026-04-12 14:54:56,921 [SCALP]   Escenario: TREND_STRONG | bias=bullish | regimes=['TREND', 'BREAKOUT']
2026-04-12 14:54:56,921 [SCALP]   → HOLD [MEDIUM] | LONG activo | ADX:49 CVD:↑
2026-04-12 14:54:56,922 [SCALP]   Capital: $180.00 | P&L: +0.00 | Win: 0%
2026-04-12 14:54:57,495 [INFO]     ⛔ ALPHAUSDT SHORT bloqueado: contra tendencia en TREND_STRONG
2026-04-12 14:54:58,212 [INFO]     ⛔ ENJUSDT SHORT bloqueado: contra tendencia en TREND_STRONG
2026-04-12 14:54:58,215 [INFO] Ciclo completado: 0 nuevas posiciones abiertas
2026-04-12 14:55:26,928 [SCALP] ── CICLO 14:55:26 ──────────────────────────
2026-04-12 14:55:27,242 [SCALP]   BTC $71,070.00 | Regime:TREND ADX:46 | EMA:bullish RSI:63.67 CVD:↑ Vol:0.5x | Pos:LONG
2026-04-12 14:55:27,243 [SCALP]   Escenario: TREND_STRONG | bias=bullish | regimes=['TREND', 'BREAKOUT']
2026-04-12 14:55:27,243 [SCALP]   → HOLD [MEDIUM] | LONG activo | ADX:46 CVD:↑
2026-04-12 14:55:27,244 [SCALP]   Capital: $180.00 | P&L: +0.00 | Win: 0%
