
> polymarket-dashboard@0.0.0 dev
> vite --port 5173


  VITE v8.0.0-beta.18  ready in 214 ms

  ➜  Local:   http://localhost:5173/
  ➜  Network: use --host to expose
11:08:30 PM [vite] (client) [console.error] Received NaN for the `y1` attribute. If this is expected, cast the value to a string.
11:08:32 PM [vite] (client) [console.error] Received NaN for the `y1` attribute. If this is expected, cast the value to a string.
11:08:40 PM [vite] (client) [console.error] Received NaN for the `y1` attribute. If this is expected, cast the value to a string.
11:09:02 PM [vite] (client) [console.error] Received NaN for the `y1` attribute. If this is expected, cast the value to a string.
11:37:19 PM [vite] (client) [console.error] Received NaN for the `y1` attribute. If this is expected, cast the value to a string.
11:37:50 PM [vite] (client) [console.error] Received NaN for the `y1` attribute. If this is expected, cast the value to a string.
11:44:26 PM [vite] (client) [console.error] Received NaN for the `y1` attribute. If this is expected, cast the value to a string.
11:44:28 PM [vite] (client) [console.error] Received NaN for the `y1` attribute. If this is expected, cast the value to a string.
11:45:24 PM [vite] (client) [console.error] Received NaN for the `y1` attribute. If this is expected, cast the value to a string.
11:47:23 PM [vite] (client) [console.error] Received NaN for the `y1` attribute. If this is expected, cast the value to a string.
11:47:25 PM [vite] (client) [console.error] Received NaN for the `y1` attribute. If this is expected, cast the value to a string.
11:49:19 PM [vite] (client) [console.error] Received NaN for the `y1` attribute. If this is expected, cast the value to a string.
11:49:38 PM [vite] (client) [console.error] Received NaN for the `y1` attribute. If this is expected, cast the value to a string.
11:49:43 PM [vite] (client) [console.error] Received NaN for the `y1` attribute. If this is expected, cast the value to a string.
11:55:42 PM [vite] (client) [console.error] Received NaN for the `y1` attribute. If this is expected, cast the value to a string.
7:29:55 AM [vite] (client) [console.error] Received NaN for the `y1` attribute. If this is expected, cast the value to a string.
10:35:25 AM [vite] (client) [console.error] Received NaN for the `y1` attribute. If this is expected, cast the value to a string.
